Exception in thread "DisconnectableInputStream source reader" org.gradle.api.UncheckedIOException: java.io.IOException: Input/output error
	at org.gradle.internal.UncheckedException.throwAsUncheckedException(UncheckedException.java:62)
	at org.gradle.internal.UncheckedException.throwAsUncheckedException(UncheckedException.java:41)
	at org.gradle.util.internal.DisconnectableInputStream$1.run(DisconnectableInputStream.java:127)
	at java.base/java.lang.Thread.run(Thread.java:833)
Caused by: java.io.IOException: Input/output error
	at java.base/java.io.FileInputStream.readBytes(Native Method)
	at java.base/java.io.FileInputStream.read(FileInputStream.java:276)
	at java.base/java.io.BufferedInputStream.read1(BufferedInputStream.java:282)
	at java.base/java.io.BufferedInputStream.read(BufferedInputStream.java:343)
	at org.gradle.util.internal.DisconnectableInputStream$1.run(DisconnectableInputStream.java:98)
	... 1 more
> Task :compileJava
> Task :compileJava UP-TO-DATE
> Task :processResources UP-TO-DATE
> Task :classes UP-TO-DATE
> Task :bootRunMainClassName UP-TO-DATE

> Task :bootRun FAILED

  .   ____          _            __ _ _
 /\\ / ___'_ __ _ _(_)_ __  __ _ \ \ \ \
( ( )\___ | '_ | '_| | '_ \/ _` | \ \ \ \
 \\/  ___)| |_)| | | | | || (_| |  ) ) ) )
  '  |____| .__|_| |_|_| |_\__, | / / / /
 =========|_|==============|___/=/_/_/_/
 :: Spring Boot ::                (v2.7.0)

2022-05-24 23:12:50.355  INFO 3254 --- [           main] c.s.s.ServiceDiscoveryApplication        : Starting ServiceDiscoveryApplication using Java 18 on Lakshyajits-MacBook-Pro.local with PID 3254 (/Users/elkay/Documents/workspace/scribble/service-discovery/build/classes/java/main started by elkay in /Users/elkay/Documents/workspace/scribble/service-discovery)
2022-05-24 23:12:50.356  INFO 3254 --- [           main] c.s.s.ServiceDiscoveryApplication        : No active profile set, falling back to 1 default profile: "default"
2022-05-24 23:12:50.717  INFO 3254 --- [           main] o.s.cloud.context.scope.GenericScope     : BeanFactory id=3fe25c26-3a7f-362e-9497-6e6e96b8aa6b
2022-05-24 23:12:50.834  INFO 3254 --- [           main] o.s.b.w.embedded.tomcat.TomcatWebServer  : Tomcat initialized with port(s): 8761 (http)
2022-05-24 23:12:50.838  INFO 3254 --- [           main] o.apache.catalina.core.StandardService   : Starting service [Tomcat]
2022-05-24 23:12:50.838  INFO 3254 --- [           main] org.apache.catalina.core.StandardEngine  : Starting Servlet engine: [Apache Tomcat/9.0.63]
2022-05-24 23:12:50.890  INFO 3254 --- [           main] o.a.c.c.C.[Tomcat].[localhost].[/]       : Initializing Spring embedded WebApplicationContext
2022-05-24 23:12:50.890  INFO 3254 --- [           main] w.s.c.ServletWebServerApplicationContext : Root WebApplicationContext: initialization completed in 513 ms
2022-05-24 23:12:51.056  INFO 3254 --- [           main] c.s.j.s.i.a.WebApplicationImpl           : Initiating Jersey application, version 'Jersey: 1.19.4 05/24/2017 03:20 PM'
2022-05-24 23:12:51.075  INFO 3254 --- [           main] c.n.d.provider.DiscoveryJerseyProvider   : Using JSON encoding codec LegacyJacksonJson
2022-05-24 23:12:51.076  INFO 3254 --- [           main] c.n.d.provider.DiscoveryJerseyProvider   : Using JSON decoding codec LegacyJacksonJson
2022-05-24 23:12:51.154  INFO 3254 --- [           main] c.n.d.provider.DiscoveryJerseyProvider   : Using XML encoding codec XStreamXml
2022-05-24 23:12:51.154  INFO 3254 --- [           main] c.n.d.provider.DiscoveryJerseyProvider   : Using XML decoding codec XStreamXml
2022-05-24 23:12:51.509  INFO 3254 --- [           main] DiscoveryClientOptionalArgsConfiguration : Eureka HTTP Client uses Jersey
2022-05-24 23:12:51.534  WARN 3254 --- [           main] iguration$LoadBalancerCaffeineWarnLogger : Spring Cloud LoadBalancer is currently working with the default cache. While this cache implementation is useful for development and tests, it's recommended to use Caffeine cache in production.You can switch to using Caffeine cache, by adding it and org.springframework.cache.caffeine.CaffeineCacheManager to the classpath.
2022-05-24 23:12:51.540  INFO 3254 --- [           main] o.s.c.n.eureka.InstanceInfoFactory       : Setting initial instance status as: STARTING
2022-05-24 23:12:51.550  INFO 3254 --- [           main] com.netflix.discovery.DiscoveryClient    : Initializing Eureka in region us-east-1
2022-05-24 23:12:51.550  INFO 3254 --- [           main] com.netflix.discovery.DiscoveryClient    : Client configured to neither register nor query for data.
2022-05-24 23:12:51.553  INFO 3254 --- [           main] com.netflix.discovery.DiscoveryClient    : Discovery Client initialized at timestamp 1653414171553 with initial instances count: 0
2022-05-24 23:12:51.566  INFO 3254 --- [           main] c.n.eureka.DefaultEurekaServerContext    : Initializing ...
2022-05-24 23:12:51.567  INFO 3254 --- [           main] c.n.eureka.cluster.PeerEurekaNodes       : Adding new peer nodes [http://localhost:8761/eureka/]
2022-05-24 23:12:51.639  INFO 3254 --- [           main] c.n.d.provider.DiscoveryJerseyProvider   : Using JSON encoding codec LegacyJacksonJson
2022-05-24 23:12:51.639  INFO 3254 --- [           main] c.n.d.provider.DiscoveryJerseyProvider   : Using JSON decoding codec LegacyJacksonJson
2022-05-24 23:12:51.639  INFO 3254 --- [           main] c.n.d.provider.DiscoveryJerseyProvider   : Using XML encoding codec XStreamXml
2022-05-24 23:12:51.639  INFO 3254 --- [           main] c.n.d.provider.DiscoveryJerseyProvider   : Using XML decoding codec XStreamXml
2022-05-24 23:12:51.675  INFO 3254 --- [           main] c.n.eureka.cluster.PeerEurekaNodes       : Replica node URL:  http://localhost:8761/eureka/
2022-05-24 23:12:51.679  INFO 3254 --- [           main] c.n.e.registry.AbstractInstanceRegistry  : Finished initializing remote region registries. All known remote regions: []
2022-05-24 23:12:51.679  INFO 3254 --- [           main] c.n.eureka.DefaultEurekaServerContext    : Initialized
2022-05-24 23:12:51.683  INFO 3254 --- [           main] o.s.b.a.e.web.EndpointLinksResolver      : Exposing 1 endpoint(s) beneath base path '/actuator'
2022-05-24 23:12:51.695  INFO 3254 --- [           main] o.s.c.n.e.s.EurekaServiceRegistry        : Registering application UNKNOWN with eureka with status UP
2022-05-24 23:12:51.699  INFO 3254 --- [       Thread-9] o.s.c.n.e.server.EurekaServerBootstrap   : isAws returned false
2022-05-24 23:12:51.699  INFO 3254 --- [       Thread-9] o.s.c.n.e.server.EurekaServerBootstrap   : Initialized server context
2022-05-24 23:12:51.699  INFO 3254 --- [       Thread-9] c.n.e.r.PeerAwareInstanceRegistryImpl    : Got 1 instances from neighboring DS node
2022-05-24 23:12:51.699  INFO 3254 --- [       Thread-9] c.n.e.r.PeerAwareInstanceRegistryImpl    : Renew threshold is: 1
2022-05-24 23:12:51.699  INFO 3254 --- [       Thread-9] c.n.e.r.PeerAwareInstanceRegistryImpl    : Changing status to UP
2022-05-24 23:12:51.703  INFO 3254 --- [       Thread-9] e.s.EurekaServerInitializerConfiguration : Started Eureka Server
2022-05-24 23:12:51.707  INFO 3254 --- [           main] o.s.b.w.embedded.tomcat.TomcatWebServer  : Tomcat started on port(s): 8761 (http) with context path ''
2022-05-24 23:12:51.707  INFO 3254 --- [           main] .s.c.n.e.s.EurekaAutoServiceRegistration : Updating port to 8761
2022-05-24 23:12:51.718  INFO 3254 --- [           main] c.s.s.ServiceDiscoveryApplication        : Started ServiceDiscoveryApplication in 1.708 seconds (JVM running for 1.84)
2022-05-24 23:13:51.704  INFO 3254 --- [a-EvictionTimer] c.n.e.registry.AbstractInstanceRegistry  : Running the evict task with compensationTime 0ms
2022-05-24 23:14:51.707  INFO 3254 --- [a-EvictionTimer] c.n.e.registry.AbstractInstanceRegistry  : Running the evict task with compensationTime 4ms
2022-05-24 23:15:51.709  INFO 3254 --- [a-EvictionTimer] c.n.e.registry.AbstractInstanceRegistry  : Running the evict task with compensationTime 2ms
2022-05-24 23:16:51.712  INFO 3254 --- [a-EvictionTimer] c.n.e.registry.AbstractInstanceRegistry  : Running the evict task with compensationTime 2ms
2022-05-24 23:17:51.712  INFO 3254 --- [a-EvictionTimer] c.n.e.registry.AbstractInstanceRegistry  : Running the evict task with compensationTime 1ms
2022-05-24 23:18:51.716  INFO 3254 --- [a-EvictionTimer] c.n.e.registry.AbstractInstanceRegistry  : Running the evict task with compensationTime 4ms
2022-05-24 23:19:51.720  INFO 3254 --- [a-EvictionTimer] c.n.e.registry.AbstractInstanceRegistry  : Running the evict task with compensationTime 4ms
2022-05-24 23:20:51.720  INFO 3254 --- [a-EvictionTimer] c.n.e.registry.AbstractInstanceRegistry  : Running the evict task with compensationTime 1ms
2022-05-24 23:21:51.722  INFO 3254 --- [a-EvictionTimer] c.n.e.registry.AbstractInstanceRegistry  : Running the evict task with compensationTime 2ms
2022-05-24 23:22:51.724  INFO 3254 --- [a-EvictionTimer] c.n.e.registry.AbstractInstanceRegistry  : Running the evict task with compensationTime 2ms
2022-05-24 23:23:51.729  INFO 3254 --- [a-EvictionTimer] c.n.e.registry.AbstractInstanceRegistry  : Running the evict task with compensationTime 0ms
2022-05-24 23:24:51.741  INFO 3254 --- [a-EvictionTimer] c.n.e.registry.AbstractInstanceRegistry  : Running the evict task wi
FAILURE: Build failed with an exception.

* What went wrong:
Could not dispatch a message to the daemon.

* Try:
> Run with --stacktrace option to get the stack trace.
> Run with --info or --debug option to get more log output.
> Run with --scan to get full insights.

* Get more help at https://help.gradle.org
Time 0ms
2022-05-24 23:27:45.848  INFO 3254 --- [nio-8761-exec-1] o.a.c.c.C.[Tomcat].[localhost].[/]       : Initializing Spring DispatcherServlet 'dispatcherServlet'
2022-05-24 23:27:45.848  INFO 3254 --- [nio-8761-exec-1] o.s.web.servlet.DispatcherServlet        : Initializing Servlet 'dispatcherServlet'
2022-05-24 23:27:45.850  INFO 3254 --- [nio-8761-exec-1] o.s.web.servlet.DispatcherServlet        : Completed initialization in 2 ms
2022-05-24 23:27:51.692  INFO 3254 --- [hresholdUpdater] c.n.e.r.PeerAwareInstanceRegistryImpl    : Current renewal threshold is : 1
2022-05-24 23:27:51.748  INFO 3254 --- [a-EvictionTimer] c.n.e.registry.AbstractInstanceRegistry  : Running the evict task with compensationTime 2ms
2022-05-24 23:28:44.180  INFO 3254 --- [ionShutdownHook] o.s.c.n.e.s.EurekaServiceRegistry        : Unregistering application UNKNOWN with eureka with status DOWN
2022-05-24 23:28:44.197  INFO 3254 --- [ionShutdownHook] o.s.c.n.e.server.EurekaServerBootstrap   : Shutting down Eureka Server..
2022-05-24 23:28:44.202  INFO 3254 --- [ionShutdownHook] c.n.eureka.DefaultEurekaServerContext    : Shutting down ...
2022-05-24 23:28:44.203  INFO 3254 --- [ionShutdownHook] com.netflix.servo.monitor.StatsMonitor   : Attempting to get the value for an expired monitor: eurekaServer.replication.batchSize.Will start computing stats again.
2022-05-24 23:28:44.204  INFO 3254 --- [ionShutdownHook] com.netflix.servo.monitor.StatsMonitor   : Attempting to get the value for an expired monitor: eurekaServer.replication.executionTime.Will start computing stats again.
2022-05-24 23:28:44.204  INFO 3254 --- [ionShutdownHook] com.netflix.servo.monitor.StatsMonitor   : Attempting to get the value for an expired monitor: eurekaServer.replication.executionTime.Will start computing stats again.
2022-05-24 23:28:44.204  INFO 3254 --- [ionShutdownHook] com.netflix.servo.monitor.StatsMonitor   : Attempting to get the value for an expired monitor: eurekaServer.replication.batchSize.Will start computing stats again.
2022-05-24 23:28:44.210  INFO 3254 --- [ionShutdownHook] c.n.eureka.DefaultEurekaServerContext    : Shut down
2022-05-24 23:28:44.210  INFO 3254 --- [ionShutdownHook] o.s.c.n.e.server.EurekaServerBootstrap   : Eureka Service is now shutdown...
2022-05-24 23:28:44.210  INFO 3254 --- [ionShutdownHook] c.n.eureka.DefaultEurekaServerContext    : Shutting down ...
2022-05-24 23:28:44.213  INFO 3254 --- [ionShutdownHook] c.n.eureka.DefaultEurekaServerContext    : Shut down
2022-05-24 23:28:44.218  INFO 3254 --- [ionShutdownHook] com.netflix.discovery.DiscoveryClient    : Shutting down DiscoveryClient ...
2022-05-24 23:28:44.218  INFO 3254 --- [ionShutdownHook] com.netflix.discovery.DiscoveryClient    : Completed shut down of DiscoveryClient

FAILURE: Build failed with an exception.

* What went wrong:
Execution failed for task ':bootRun'.
> Process 'command '/opt/homebrew/Cellar/openjdk/18/libexec/openjdk.jdk/Contents/Home/bin/java'' finished with non-zero exit value 143

* Try:
> Run with --stacktrace option to get the stack trace.
> Run with --info or --debug option to get more log output.
> Run with --scan to get full insights.

* Get more help at https://help.gradle.org

BUILD FAILED in 15m 55s
4 actionable tasks: 1 executed, 3 up-to-date

FAILURE: Build failed with an exception.

* What went wrong:
Could not dispatch a message to the daemon.

* Try:
> Run with --stacktrace option to get the stack trace.
> Run with --info or --debug option to get more log output.
> Run with --scan to get full insights.

* Get more help at https://help.gradle.org
